[aronjmatsuyama.wixsite.com/tuttitutors.html]
[static.parastorage.com/unpkg/core-js-bundle@3.2.1/minified.js]
[static.parastorage.com/unpkg/focus-within-polyfill@5.0.9/dist/focus-within-polyfill.js]
[backblue.gif]
[fade.gif]
[index.html]
[polyfill-fastly.io/v3/polyfill.mind82c.js]
[aronjmatsuyama.wixsite.com/c.4.delayed]
[aronjmatsuyama.wixsite.com/t.5.delayed]
[aronjmatsuyama.wixsite.com/index.html]
[static.wixstatic.com/media/f231c9_81ae112f98944301b0071828e4fcde10_mv2.png/v1/fill/w_43,h_43,al_c,q_85,usm_0.66_1.00_0.01,enc_avif,quality_auto/Tutti Logo.png]
[aronjmatsuyama.wixsite.com/tuttitutors/contact-8.html]
[static.wixstatic.com/media/5012c52b89b5413da9f827265f8d06d7.jpg/v1/fill/w_117,h_78,al_c,q_80,usm_0.66_1.00_0.01,blur_2,enc_avif,quality_auto/Violin Shop.jpg]
[static.wixstatic.com/media/9a215c183eae4178b054d417d878f870.jpg/v1/crop/x_468,y_0,w_2568,h_2336/fill/w_78,h_70,al_c,q_80,usm_0.66_1.00_0.01,blur_2,enc_avif,quality_auto/Piano B&W.jpg]
[aronjmatsuyama.wixsite.com/tuttitutors/piano-tutors.html]
[static.wixstatic.com/media/nsplsh_65a212f4bce9412582bf1dcc7b29157b_mv2.jpg/v1/fill/w_78,h_52,al_c,q_80,usm_0.66_1.00_0.01,blur_2,enc_avif,quality_auto/Image by Providence Doucet.jpg]
[aronjmatsuyama.wixsite.com/tuttitutors/violin-tutors.html]
[static.wixstatic.com/media/nsplsh_6c444b6d747776725a5a73_mv2_d_2290_2290_s_2.jpg/v1/fill/w_71,h_71,al_c,q_80,usm_0.66_1.00_0.01,blur_2,enc_avif,quality_auto/Image by Dominik Scythe.jpg]
[aronjmatsuyama.wixsite.com/tuttitutors/cello-tutors.html]
[static.wixstatic.com/media/nsplsh_755dca3f415c4949a7ea63ddd9cde599_mv2.jpg/v1/fill/w_78,h_52,al_c,q_80,usm_0.66_1.00_0.01,blur_2,enc_avif,quality_auto/Image by Raymond Petrik.jpg]
[aronjmatsuyama.wixsite.com/tuttitutors/viola-tutors.html]
[static.wixstatic.com/media/nsplsh_501fa693471642899123b878d4af1719_mv2.jpg/v1/fill/w_71,h_71,al_c,q_80,usm_0.66_1.00_0.01,blur_2,enc_avif,quality_auto/Image by Gilles Gravier.jpg]
[aronjmatsuyama.wixsite.com/tuttitutors/band-tutors.html]
[static.wixstatic.com/media/7308487655374ad398e34771fed84bb3.jpg/v1/fill/w_78,h_52,al_c,q_80,usm_0.66_1.00_0.01,blur_2,enc_avif,quality_auto/Sheet Music.jpg]
[static.parastorage.com/services/wix-thunderbolt/dist/8875.46b20782.bundle.min.js]
[browser.sentry-cdn.com/6.18.2/bundle.min.js]
[aronjmatsuyama.wixsite.com/sitemap.16.delayed]
[aronjmatsuyama.wixsite.com/feed.17.delayed]
[static.parastorage.com/services/wix-thunderbolt/dist/thunderbolt-commons.bd36dfd5.bundle.min.js]
[static.parastorage.com/services/wix-thunderbolt/dist/main.7a7823a0.bundle.min.js]
[static.parastorage.com/services/wix-thunderbolt/dist/main.renderer.a20626f8.bundle.min.js]
[static.parastorage.com/unpkg/lodash@4.17.21/lodash.min.js]
[static.parastorage.com/unpkg/react@18.3.1/umd/react.production.min.js]
[static.parastorage.com/unpkg/react-dom@18.3.1/umd/react-dom.production.min.js]
[static.parastorage.com/services/wix-thunderbolt/dist/browser-deprecation.bundle.es5.js]
[aronjmatsuyama.wixsite.com/decodeURIComponent(e.1f.delayed]
[aronjmatsuyama.wixsite.com/tuttitutors.html]
[aronjmatsuyama.wixsite.com/c.html]
[aronjmatsuyama.wixsite.com/t.html]
[aronjmatsuyama.wixsite.com/index.html]
[aronjmatsuyama.wixsite.com/tuttitutors/contact-8.html]
[static.parastorage.com/services/tag-manager-client/1.920.0/siteTags.bundle.min.js]
[aronjmatsuyama.wixsite.com/tuttitutors/piano-tutors.html]
[aronjmatsuyama.wixsite.com/tuttitutors/violin-tutors.html]
[aronjmatsuyama.wixsite.com/tuttitutors/cello-tutors.html]
[aronjmatsuyama.wixsite.com/tuttitutors/viola-tutors.html]
[aronjmatsuyama.wixsite.com/tuttitutors/band-tutors.html]
[aronjmatsuyama.wixsite.com/sitemap.html]
[aronjmatsuyama.wixsite.com/feed.html]
[aronjmatsuyama.wixsite.com/decodeURIComponent(e.html]
